::1 - - [16/Apr/2026 11:01:38] "GET / HTTP/1.1" 304 -
::1 - - [16/Apr/2026 11:01:38] "GET /css/style.css HTTP/1.1" 304 -
::1 - - [16/Apr/2026 11:01:38] "GET /js/organize/merge-pdf.js HTTP/1.1" 304 -
::1 - - [16/Apr/2026 11:01:38] "GET /js/main.js HTTP/1.1" 304 -
::1 - - [16/Apr/2026 11:01:40] code 404, message File not found
::1 - - [16/Apr/2026 11:01:40] "GET /favicon.ico HTTP/1.1" 404 -
::1 - - [16/Apr/2026 11:03:25] "GET /js/convert-to-pdf/jpg-to-pdf.js HTTP/1.1" 200 -
::1 - - [16/Apr/2026 11:06:43] "GET / HTTP/1.1" 304 -
::1 - - [16/Apr/2026 11:08:27] "GET /js/convert-to-pdf/jpg-to-pdf.js HTTP/1.1" 304 -
::1 - - [16/Apr/2026 11:11:01] "GET /index.html HTTP/1.1" 304 -
::1 - - [16/Apr/2026 11:11:01] "GET /js/auth.js HTTP/1.1" 304 -
::1 - - [16/Apr/2026 11:12:09] "GET /js/convert-to-pdf/jpg-to-pdf.js HTTP/1.1" 304 -
::1 - - [16/Apr/2026 11:14:36] "GET /index.html HTTP/1.1" 304 -
::1 - - [16/Apr/2026 11:16:34] "GET /js/convert-to-pdf/jpg-to-pdf.js HTTP/1.1" 304 -
::1 - - [16/Apr/2026 11:22:20] "GET /index.html HTTP/1.1" 304 -
::1 - - [16/Apr/2026 11:22:25] "GET /js/convert-to-pdf/jpg-to-pdf.js HTTP/1.1" 304 -
::1 - - [16/Apr/2026 11:46:41] "GET /js/convert-to-pdf/jpg-to-pdf.js HTTP/1.1" 200 -
::1 - - [16/Apr/2026 11:48:58] "GET /js/convert-to-pdf/jpg-to-pdf.js HTTP/1.1" 304 -
::1 - - [16/Apr/2026 11:49:42] "GET / HTTP/1.1" 304 -
::1 - - [16/Apr/2026 11:49:46] "GET /js/convert-to-pdf/jpg-to-pdf.js HTTP/1.1" 304 -
::1 - - [16/Apr/2026 11:54:22] "GET / HTTP/1.1" 304 -
::1 - - [16/Apr/2026 11:54:29] "GET /js/convert-to-pdf/jpg-to-pdf.js HTTP/1.1" 304 -
::1 - - [16/Apr/2026 11:57:13] "GET /index.html HTTP/1.1" 304 -
::1 - - [16/Apr/2026 11:57:18] "GET /js/convert-to-pdf/jpg-to-pdf.js HTTP/1.1" 304 -
::1 - - [16/Apr/2026 12:01:28] "GET /index.html HTTP/1.1" 304 -
::1 - - [16/Apr/2026 12:01:36] "GET /js/convert-to-pdf/jpg-to-pdf.js HTTP/1.1" 304 -
::1 - - [16/Apr/2026 12:05:18] "GET /js/convert-to-pdf/jpg-to-pdf.js HTTP/1.1" 304 -
::1 - - [16/Apr/2026 12:06:30] "GET /index.html HTTP/1.1" 304 -
